Flutter crash report.
Please report a bug at https://github.com/flutter/flutter/issues.

## command

flutter run --machine --start-paused -d chrome --devtools-server-address http://127.0.0.1:9100/ --target /Users/perihanabdelaty/Documents/Work/Cayeshni/App/Cayeshni Prototype/lib/main.dart

## exception

HttpException: HttpException: Connection closed before full header was received, uri = http://localhost:52653/json

```
```

## flutter doctor

```
[✓] Flutter (Channel stable, 3.24.0, on macOS 15.0 24A5289h darwin-arm64, locale en-EG)
    • Flutter version 3.24.0 on channel stable at /Users/perihanabdelaty/Documents/Work/Cayeshni/flutter
    • Upstream repository https://github.com/flutter/flutter.git
    • Framework revision 80c2e84975 (2 weeks ago), 2024-07-30 23:06:49 +0700
    • Engine revision b8800d88be
    • Dart version 3.5.0
    • DevTools version 2.37.2

[✓] Android toolchain - develop for Android devices (Android SDK version 34.0.0)
    • Android SDK at /Users/perihanabdelaty/Library/Android/sdk
    • Platform android-34, build-tools 34.0.0
    • ANDROID_HOME = /Users/perihanabdelaty/Library/Android/sdk
    • Java binary at: /Applications/Android Studio.app/Contents/jbr/Contents/Home/bin/java
    • Java version OpenJDK Runtime Environment (build 17.0.10+0-17.0.10b1087.21-11572160)
    • All Android licenses accepted.

[✓] Xcode - develop for iOS and macOS (Xcode 15.4)
    • Xcode at /Applications/Xcode.app/Contents/Developer
    • Build 15F31d
    • CocoaPods version 1.15.2

[✓] Chrome - develop for the web
    • Chrome at /Applications/Google Chrome.app/Contents/MacOS/Google Chrome

[✓] Android Studio (version 2023.3)
    • Android Studio at /Applications/Android Studio.app/Contents
    • Flutter plugin can be installed from:
      🔨 https://plugins.jetbrains.com/plugin/9212-flutter
    • Dart plugin can be installed from:
      🔨 https://plugins.jetbrains.com/plugin/6351-dart
    • Java version OpenJDK Runtime Environment (build 17.0.10+0-17.0.10b1087.21-11572160)

[✓] VS Code (version 1.92.1)
    • VS Code at /Applications/Visual Studio Code.app/Contents
    • Flutter extension version 3.94.0

[✓] Connected device (5 available)
    • sdk gphone16k arm64 (mobile)    • emulator-5554             • android-arm64  • Android 15 (API 35) (emulator)
    • Perry’s  (mobile)               • 00008110-001959810A87801E • ios            • iOS 18.0 22A5307i
    • macOS (desktop)                 • macos                     • darwin-arm64   • macOS 15.0 24A5289h darwin-arm64
    • Mac Designed for iPad (desktop) • mac-designed-for-ipad     • darwin         • macOS 15.0 24A5289h darwin-arm64
    • Chrome (web)                    • chrome                    • web-javascript • Google Chrome 127.0.6533.101

[✓] Network resources
    • All expected network resources are available.

• No issues found!
```
